scalar RUBY_AUTO_VERSION $'ruby-3.1.2'
scalar _p9k__preexec_cmd $'zi update --all; zi update --reset; zi update --quiet'
scalar RUBY_AUTO_VERSION $'ruby-3.1.2'
scalar _p9k__preexec_cmd $'mamba update --all'
scalar RUBY_AUTO_VERSION $'ruby-3.1.2'
scalar _p9k__preexec_cmd $'zi update --all; zi update --reset; zi update --quiet'
scalar _p9k__preexec_cmd $'zi self-update'
scalar _p9k__preexec_cmd $'pip-review'
scalar _p9k__preexec_cmd $'pip-review latex2sympy2'
scalar _p9k__preexec_cmd $'pip update latex2sympy'
scalar _p9k__preexec_cmd $'pip install latex2sympy2'
scalar _p9k__preexec_cmd $'pip uninstall latex2sympy2 Flask antlr4-python3-runtime'
scalar _p9k__preexec_cmd $'pip install latex2sympy2; pip install Flask'
scalar _p9k__preexec_cmd $'sudo tlmgr update --all'
scalar _p9k__preexec_cmd $'zi self-update'
scalar _p9k__preexec_cmd $'zi update --all; zi update --reset; zi update --quiet'
scalar _p9k__preexec_cmd $'zi update --all; zi update --reset; zi update --quiet'
scalar _p9k__preexec_cmd $'mamba update --all'
scalar RUBY_AUTO_VERSION $'ruby-3.1.2'
scalar _p9k__preexec_cmd $'brew upgrade'
array INSTALLED_COMPS $'_afew' $'_android' $'_archlinux-java' $'_artisan' $'_atach' $'_bitcoin-cli' $'_bower' $'_bundle' $'_caffeinate' $'_cap' $'_cask' $'_ccache' $'_cf' $'_choc' $'_chromium' $'_cmake' $'_coffee' $'_composer' $'_conan' $'_concourse' $'_console' $'_cppcheck' $'_dad' $'_debuild' $'_dget' $'_dhcpcd' $'_diana' $'_direnv' $'_docpad' $'_drush' $'_ecdsautil' $'_emulator' $'_envdir' $'_exportfs' $'_fab' $'_fail2ban-client' $'_ffind' $'_fleetctl' $'_flutter' $'_force' $'_fvm' $'_fwupdmgr' $'_gas' $'_ghc' $'_gist' $'_git-flow' $'_git-journal' $'_git-pulls' $'_git-revise' $'_git-wtf' $'_glances' $'_golang' $'_google' $'_gpgconf' $'_gtk-launch' $'_hello' $'_hledger' $'_homestead' $'_httpie' $'_ibus' $'_include-what-you-use' $'_inxi' $'_jmeter' $'_jmeter-plugins' $'_jonas' $'_jrnl' $'_kak' $'_kitchen' $'_knife' $'_language_codes' $'_lilypond' $'_lunchy' $'_mc' $'_middleman' $'_mina' $'_mix' $'_mssh' $'_mussh' $'_mvn' $'_nano' $'_nanoc' $'_nftables' $'_node' $'_nvm' $'_openssl' $'_openvpn3' $'_optirun' $'_opustools' $'_patool' $'_perf' $'_periscope' $'_pgsql_utils' $'_phing' $'_pixz' $'_pkcon' $'_play' $'_pm2' $'_port' $'_protoc' $'_pygmentize' $'_qmk' $'_rails' $'_ralio' $'_redis-cli' $'_rfkill' $'_rkt' $'_rmlint' $'_rslsync' $'_rspec' $'_rsvm' $'_rubocop' $'_sbt' $'_scala' $'_scrub' $'_sdd' $'_setcap' $'_setup.py' $'_sfdx' $'_shellcheck' $'_showoff' $'_srm' $'_stack' $'_subl' $'_subliminal' $'_supervisorctl' $'_svm' $'_teamocil' $'_thor' $'_tmuxinator' $'_tmuxp' $'_tox' $'_udisksctl' $'_ufw' $'_vagrant' $'_virtualbox' $'_vnstat' $'_wemux' $'_wg-quick' $'_xinput' $'_xsel' $'_yaourt' $'_yarn' $'_zcash-cli'
scalar _p9k__preexec_cmd $'zi update --all; zi update --reset; zi update --quiet'
scalar _p9k__preexec_cmd $'mamba update --all'
scalar RUBY_AUTO_VERSION $'ruby-3.1.2'
scalar _p9k__preexec_cmd $'where \'python\''
scalar RUBY_AUTO_VERSION $'ruby-3.1.2'
scalar _CONDA_ROOT $'/opt/homebrew/Caskroom/miniforge/base'
scalar _p9k__preexec_cmd $'source /opt/homebrew/Caskroom/miniforge/base/bin/activate'
scalar _p9k__preexec_cmd $'conda activate base'
scalar RUBY_AUTO_VERSION $'ruby-3.1.2'
scalar _p9k__preexec_cmd $'where \'python\''
scalar RUBY_AUTO_VERSION $'ruby-3.1.2'
scalar _p9k__preexec_cmd $'conda activate base'
scalar RUBY_AUTO_VERSION $'ruby-3.1.2'
scalar _p9k__preexec_cmd $'conda activate base'
scalar RUBY_AUTO_VERSION $'ruby-3.1.2'
scalar _p9k__preexec_cmd $'conda activate base'
scalar _p9k__preexec_cmd $'mamba install autopep8'
scalar _p9k__preexec_cmd $'brew install --cask inkscape'
scalar _p9k__preexec_cmd $'brew install --cask inkscape'
scalar _p9k__preexec_cmd $'mamba install tikzplotlib'
scalar _p9k__preexec_cmd $'brew install --cask tikzit'
scalar _p9k__preexec_cmd $'brew install --cask ipe'
scalar _p9k__preexec_cmd $'brew uninstall --cask tikzit'
scalar _p9k__preexec_cmd $'brew autoremove'
scalar _p9k__preexec_cmd $'brew upgrade'
scalar RUBY_AUTO_VERSION $'ruby-3.1.2'
scalar _p9k__preexec_cmd $'mamba update --all'
scalar _p9k__preexec_cmd $'zi self-update'
scalar _p9k__preexec_cmd $'zi update'
scalar _p9k__preexec_cmd $'where \'texlab\''
scalar RUBY_AUTO_VERSION $'ruby-3.1.2'
scalar _p9k__preexec_cmd $'git -C  revert --edit 4a8b6e63e245bb1d40c7bc9bb45635f5ef691815'
scalar _p9k__preexec_cmd $'git -C  revert --no-edit 4a8b6e63e245bb1d40c7bc9bb45635f5ef691815'
scalar RUBY_AUTO_VERSION $'ruby-3.1.2'
scalar _p9k__preexec_cmd $'git -C  reset 4a8b6e63e245bb1d40c7bc9bb45635f5ef691815'
scalar _p9k__preexec_cmd $'git -C  reset 59328638ba1eb6e033a4f3b6b916b749bf46d279'
scalar _p9k__preexec_cmd $'mamba update --all'
scalar RUBY_AUTO_VERSION $'ruby-3.1.2'
scalar _p9k__preexec_cmd $'zi self-update'
scalar _p9k__preexec_cmd $'brew upgrade'
array INSTALLED_COMPS $'_afew' $'_android' $'_archlinux-java' $'_artisan' $'_atach' $'_bitcoin-cli' $'_bower' $'_bundle' $'_caffeinate' $'_cap' $'_cask' $'_ccache' $'_cf' $'_choc' $'_chromium' $'_cmake' $'_coffee' $'_composer' $'_conan' $'_concourse' $'_console' $'_cppcheck' $'_dad' $'_debuild' $'_dget' $'_dhcpcd' $'_diana' $'_direnv' $'_docpad' $'_drush' $'_ecdsautil' $'_emulator' $'_envdir' $'_exportfs' $'_fab' $'_fail2ban-client' $'_ffind' $'_fleetctl' $'_flutter' $'_force' $'_fvm' $'_fwupdmgr' $'_gas' $'_ghc' $'_gist' $'_git-flow' $'_git-journal' $'_git-pulls' $'_git-revise' $'_git-wtf' $'_glances' $'_golang' $'_google' $'_gpgconf' $'_gtk-launch' $'_hello' $'_hledger' $'_homestead' $'_httpie' $'_ibus' $'_include-what-you-use' $'_inxi' $'_jmeter' $'_jmeter-plugins' $'_jonas' $'_jrnl' $'_kak' $'_kitchen' $'_knife' $'_language_codes' $'_lilypond' $'_lunchy' $'_mc' $'_middleman' $'_mina' $'_mix' $'_mssh' $'_mussh' $'_mvn' $'_nano' $'_nanoc' $'_nftables' $'_node' $'_nvm' $'_openssl' $'_openvpn3' $'_optirun' $'_opustools' $'_patool' $'_perf' $'_periscope' $'_pgsql_utils' $'_phing' $'_pixz' $'_pkcon' $'_play' $'_pm2' $'_port' $'_protoc' $'_pygmentize' $'_qmk' $'_rails' $'_ralio' $'_redis-cli' $'_rfkill' $'_rkt' $'_rmlint' $'_rslsync' $'_rspec' $'_rsvm' $'_rubocop' $'_sbt' $'_scala' $'_scrub' $'_sdd' $'_setcap' $'_setup.py' $'_sfdx' $'_shellcheck' $'_showoff' $'_srm' $'_stack' $'_subl' $'_subliminal' $'_supervisorctl' $'_svm' $'_teamocil' $'_thor' $'_tmuxinator' $'_tmuxp' $'_tox' $'_udisksctl' $'_ufw' $'_vagrant' $'_virtualbox' $'_vnstat' $'_wemux' $'_wg-quick' $'_xinput' $'_xsel' $'_yaourt' $'_yarn' $'_zcash-cli'
scalar _p9k__preexec_cmd $'zi update --all; zi update --reset; zi update --quiet'
scalar _p9k__preexec_cmd $'brew install starship'
scalar _p9k__preexec_cmd $'starship'
scalar STARSHIP_START_TIME $'1668573333163'
scalar RUBY_AUTO_VERSION $'ruby-3.1.2'
scalar _p9k__preexec_cmd $'eval "$(starship init zsh)"'
scalar RUBY_AUTO_VERSION $'ruby-3.1.2'
scalar _p9k__preexec_cmd $'brew uninstall starship'
scalar RUBY_AUTO_VERSION $'ruby-3.1.2'
scalar _p9k__preexec_cmd $'brew install antidote'
scalar _p9k__preexec_cmd $'source ${ZDOTDIR:-~}/.antidote/antidote.zsh'
